<?xml version="1.0" encoding="UTF-8"?><testrun name="New_configuration" project="TCC_Ferramenta_Java" tests="54" started="54" failures="1" errors="3" ignored="0">
  <testsuite name="main.TestSuite" time="0.021">
    <testsuite name="suport.financial.indicatorsTest.MovingAvarangeTest" time="0.001">
      <testcase name="testExponencialAvarange" classname="suport.financial.indicatorsTest.MovingAvarangeTest" time="0.0"/>
      <testcase name="testMovingAvarange" classname="suport.financial.indicatorsTest.MovingAvarangeTest" time="0.0"/>
      <testcase name="testSetLastMMEandCurrentPrice" classname="suport.financial.indicatorsTest.MovingAvarangeTest" time="0.0"/>
      <testcase name="testSimpleAvarange" classname="suport.financial.indicatorsTest.MovingAvarangeTest" time="0.0"/>
    </testsuite>
    <testsuite name="suport.financial.partternsCandleStickTest.BearishEngulfingTest" time="0.0">
      <testcase name="findCandleStickPatternsTest" classname="suport.financial.partternsCandleStickTest.BearishEngulfingTest" time="0.0">
        <error>java.lang.ArrayIndexOutOfBoundsException: -6
	at java.util.ArrayList.elementData(ArrayList.java:400)
	at java.util.ArrayList.get(ArrayList.java:413)
	at suport.financial.partternsCandleStick.BearishEngulfing.findCandleSticksPatterns(BearishEngulfing.java:24)
	at suport.financial.partternsCandleStickTest.BearishEngulfingTest.findCandleStickPatternsTest(BearishEngulfingTest.java:34)
	at sun.reflect.NativeMethodAccessorImpl.invoke0(Native Method)
	at sun.reflect.NativeMethodAccessorImpl.invoke(NativeMethodAccessorImpl.java:57)
	at sun.reflect.DelegatingMethodAccessorImpl.invoke(DelegatingMethodAccessorImpl.java:43)
	at java.lang.reflect.Method.invoke(Method.java:606)
	at org.junit.runners.model.FrameworkMethod$1.runReflectiveCall(FrameworkMethod.java:47)
	at org.junit.internal.runners.model.ReflectiveCallable.run(ReflectiveCallable.java:12)
	at org.junit.runners.model.FrameworkMethod.invokeExplosively(FrameworkMethod.java:44)
	at org.junit.internal.runners.statements.InvokeMethod.evaluate(InvokeMethod.java:17)
	at org.junit.internal.runners.statements.RunBefores.evaluate(RunBefores.java:26)
	at org.junit.runners.ParentRunner.runLeaf(ParentRunner.java:271)
	at org.junit.runners.BlockJUnit4ClassRunner.runChild(BlockJUnit4ClassRunner.java:70)
	at org.junit.runners.BlockJUnit4ClassRunner.runChild(BlockJUnit4ClassRunner.java:50)
	at org.junit.runners.ParentRunner$3.run(ParentRunner.java:238)
	at org.junit.runners.ParentRunner$1.schedule(ParentRunner.java:63)
	at org.junit.runners.ParentRunner.runChildren(ParentRunner.java:236)
	at org.junit.runners.ParentRunner.access$000(ParentRunner.java:53)
	at org.junit.runners.ParentRunner$2.evaluate(ParentRunner.java:229)
	at org.junit.runners.ParentRunner.run(ParentRunner.java:309)
	at org.junit.runners.Suite.runChild(Suite.java:127)
	at org.junit.runners.Suite.runChild(Suite.java:26)
	at org.junit.runners.ParentRunner$3.run(ParentRunner.java:238)
	at org.junit.runners.ParentRunner$1.schedule(ParentRunner.java:63)
	at org.junit.runners.ParentRunner.runChildren(ParentRunner.java:236)
	at org.junit.runners.ParentRunner.access$000(ParentRunner.java:53)
	at org.junit.runners.ParentRunner$2.evaluate(ParentRunner.java:229)
	at org.junit.runners.ParentRunner.run(ParentRunner.java:309)
	at org.eclipse.jdt.internal.junit4.runner.JUnit4TestReference.run(JUnit4TestReference.java:50)
	at org.eclipse.jdt.internal.junit.runner.TestExecution.run(TestExecution.java:38)
	at org.eclipse.jdt.internal.junit.runner.RemoteTestRunner.runTests(RemoteTestRunner.java:459)
	at org.eclipse.jdt.internal.junit.runner.RemoteTestRunner.runTests(RemoteTestRunner.java:675)
	at org.eclipse.jdt.internal.junit.runner.RemoteTestRunner.run(RemoteTestRunner.java:382)
	at org.eclipse.jdt.internal.junit.runner.RemoteTestRunner.main(RemoteTestRunner.java:192)

</error>
      </testcase>
    </testsuite>
    <testsuite name="suport.financial.partternsCandleStickTest.CandlestickTest" time="0.0">
      <testcase name="testCandleStickStringStringStringStringStringDate" classname="suport.financial.partternsCandleStickTest.CandlestickTest" time="0.0"/>
      <testcase name="testGetClose" classname="suport.financial.partternsCandleStickTest.CandlestickTest" time="0.0"/>
      <testcase name="testGetDate" classname="suport.financial.partternsCandleStickTest.CandlestickTest" time="0.0"/>
      <testcase name="testGetHigh" classname="suport.financial.partternsCandleStickTest.CandlestickTest" time="0.0"/>
      <testcase name="testGetOpen" classname="suport.financial.partternsCandleStickTest.CandlestickTest" time="0.0"/>
      <testcase name="testGetInformation" classname="suport.financial.partternsCandleStickTest.CandlestickTest" time="0.0"/>
      <testcase name="testCandleStickDoubleDoubleDoubleDoubleDoubleDate" classname="suport.financial.partternsCandleStickTest.CandlestickTest" time="0.0"/>
      <testcase name="testGetLow" classname="suport.financial.partternsCandleStickTest.CandlestickTest" time="0.0"/>
      <testcase name="testGetVolume" classname="suport.financial.partternsCandleStickTest.CandlestickTest" time="0.0"/>
    </testsuite>
    <testsuite name="suport.financial.partternsCandleStickTest.DarkCloudTest" time="0.001">
      <testcase name="testFindCandleSticksPatterns" classname="suport.financial.partternsCandleStickTest.DarkCloudTest" time="0.001">
        <error>java.lang.ArrayIndexOutOfBoundsException: -6
	at java.util.ArrayList.elementData(ArrayList.java:400)
	at java.util.ArrayList.get(ArrayList.java:413)
	at suport.financial.partternsCandleStick.DarkCloud.findCandleSticksPatterns(DarkCloud.java:24)
	at suport.financial.partternsCandleStickTest.DarkCloudTest.testFindCandleSticksPatterns(DarkCloudTest.java:31)
	at sun.reflect.NativeMethodAccessorImpl.invoke0(Native Method)
	at sun.reflect.NativeMethodAccessorImpl.invoke(NativeMethodAccessorImpl.java:57)
	at sun.reflect.DelegatingMethodAccessorImpl.invoke(DelegatingMethodAccessorImpl.java:43)
	at java.lang.reflect.Method.invoke(Method.java:606)
	at org.junit.runners.model.FrameworkMethod$1.runReflectiveCall(FrameworkMethod.java:47)
	at org.junit.internal.runners.model.ReflectiveCallable.run(ReflectiveCallable.java:12)
	at org.junit.runners.model.FrameworkMethod.invokeExplosively(FrameworkMethod.java:44)
	at org.junit.internal.runners.statements.InvokeMethod.evaluate(InvokeMethod.java:17)
	at org.junit.internal.runners.statements.RunBefores.evaluate(RunBefores.java:26)
	at org.junit.runners.ParentRunner.runLeaf(ParentRunner.java:271)
	at org.junit.runners.BlockJUnit4ClassRunner.runChild(BlockJUnit4ClassRunner.java:70)
	at org.junit.runners.BlockJUnit4ClassRunner.runChild(BlockJUnit4ClassRunner.java:50)
	at org.junit.runners.ParentRunner$3.run(ParentRunner.java:238)
	at org.junit.runners.ParentRunner$1.schedule(ParentRunner.java:63)
	at org.junit.runners.ParentRunner.runChildren(ParentRunner.java:236)
	at org.junit.runners.ParentRunner.access$000(ParentRunner.java:53)
	at org.junit.runners.ParentRunner$2.evaluate(ParentRunner.java:229)
	at org.junit.runners.ParentRunner.run(ParentRunner.java:309)
	at org.junit.runners.Suite.runChild(Suite.java:127)
	at org.junit.runners.Suite.runChild(Suite.java:26)
	at org.junit.runners.ParentRunner$3.run(ParentRunner.java:238)
	at org.junit.runners.ParentRunner$1.schedule(ParentRunner.java:63)
	at org.junit.runners.ParentRunner.runChildren(ParentRunner.java:236)
	at org.junit.runners.ParentRunner.access$000(ParentRunner.java:53)
	at org.junit.runners.ParentRunner$2.evaluate(ParentRunner.java:229)
	at org.junit.runners.ParentRunner.run(ParentRunner.java:309)
	at org.eclipse.jdt.internal.junit4.runner.JUnit4TestReference.run(JUnit4TestReference.java:50)
	at org.eclipse.jdt.internal.junit.runner.TestExecution.run(TestExecution.java:38)
	at org.eclipse.jdt.internal.junit.runner.RemoteTestRunner.runTests(RemoteTestRunner.java:459)
	at org.eclipse.jdt.internal.junit.runner.RemoteTestRunner.runTests(RemoteTestRunner.java:675)
	at org.eclipse.jdt.internal.junit.runner.RemoteTestRunner.run(RemoteTestRunner.java:382)
	at org.eclipse.jdt.internal.junit.runner.RemoteTestRunner.main(RemoteTestRunner.java:192)

</error>
      </testcase>
      <testcase name="testDarkCloud" classname="suport.financial.partternsCandleStickTest.DarkCloudTest" time="0.0"/>
    </testsuite>
    <testsuite name="suport.financial.strategyTest.MovingAvarangeExponentialStrategyTest" time="0.005">
      <testcase name="testAddValue" classname="suport.financial.strategyTest.MovingAvarangeExponentialStrategyTest" time="0.0"/>
      <testcase name="testMovingAvarangeStrategy" classname="suport.financial.strategyTest.MovingAvarangeExponentialStrategyTest" time="0.0"/>
      <testcase name="testMakeOrder" classname="suport.financial.strategyTest.MovingAvarangeExponentialStrategyTest" time="0.005">
        <failure>
          <expected>Sell</expected>
          <actual>Buy</actual>junit.framework.ComparisonFailure: expected:&lt;[Sell]&gt; but was:&lt;[Buy]&gt;
	at junit.framework.Assert.assertEquals(Assert.java:100)
	at junit.framework.Assert.assertEquals(Assert.java:107)
	at suport.financial.strategyTest.MovingAvarangeExponentialStrategyTest.testMakeOrder(MovingAvarangeExponentialStrategyTest.java:60)
	at sun.reflect.NativeMethodAccessorImpl.invoke0(Native Method)
	at sun.reflect.NativeMethodAccessorImpl.invoke(NativeMethodAccessorImpl.java:57)
	at sun.reflect.DelegatingMethodAccessorImpl.invoke(DelegatingMethodAccessorImpl.java:43)
	at java.lang.reflect.Method.invoke(Method.java:606)
	at org.junit.runners.model.FrameworkMethod$1.runReflectiveCall(FrameworkMethod.java:47)
	at org.junit.internal.runners.model.ReflectiveCallable.run(ReflectiveCallable.java:12)
	at org.junit.runners.model.FrameworkMethod.invokeExplosively(FrameworkMethod.java:44)
	at org.junit.internal.runners.statements.InvokeMethod.evaluate(InvokeMethod.java:17)
	at org.junit.internal.runners.statements.RunBefores.evaluate(RunBefores.java:26)
	at org.junit.runners.ParentRunner.runLeaf(ParentRunner.java:271)
	at org.junit.runners.BlockJUnit4ClassRunner.runChild(BlockJUnit4ClassRunner.java:70)
	at org.junit.runners.BlockJUnit4ClassRunner.runChild(BlockJUnit4ClassRunner.java:50)
	at org.junit.runners.ParentRunner$3.run(ParentRunner.java:238)
	at org.junit.runners.ParentRunner$1.schedule(ParentRunner.java:63)
	at org.junit.runners.ParentRunner.runChildren(ParentRunner.java:236)
	at org.junit.runners.ParentRunner.access$000(ParentRunner.java:53)
	at org.junit.runners.ParentRunner$2.evaluate(ParentRunner.java:229)
	at org.junit.runners.ParentRunner.run(ParentRunner.java:309)
	at org.junit.runners.Suite.runChild(Suite.java:127)
	at org.junit.runners.Suite.runChild(Suite.java:26)
	at org.junit.runners.ParentRunner$3.run(ParentRunner.java:238)
	at org.junit.runners.ParentRunner$1.schedule(ParentRunner.java:63)
	at org.junit.runners.ParentRunner.runChildren(ParentRunner.java:236)
	at org.junit.runners.ParentRunner.access$000(ParentRunner.java:53)
	at org.junit.runners.ParentRunner$2.evaluate(ParentRunner.java:229)
	at org.junit.runners.ParentRunner.run(ParentRunner.java:309)
	at org.eclipse.jdt.internal.junit4.runner.JUnit4TestReference.run(JUnit4TestReference.java:50)
	at org.eclipse.jdt.internal.junit.runner.TestExecution.run(TestExecution.java:38)
	at org.eclipse.jdt.internal.junit.runner.RemoteTestRunner.runTests(RemoteTestRunner.java:459)
	at org.eclipse.jdt.internal.junit.runner.RemoteTestRunner.runTests(RemoteTestRunner.java:675)
	at org.eclipse.jdt.internal.junit.runner.RemoteTestRunner.run(RemoteTestRunner.java:382)
	at org.eclipse.jdt.internal.junit.runner.RemoteTestRunner.main(RemoteTestRunner.java:192)

</failure>
      </testcase>
    </testsuite>
    <testsuite name="suport.financial.strategyTest.MovingAvarangeSimpleStrategyTest" time="0.002">
      <testcase name="testMovingAvarangeSimpleStrategy" classname="suport.financial.strategyTest.MovingAvarangeSimpleStrategyTest" time="0.0"/>
      <testcase name="testMakeOrder" classname="suport.financial.strategyTest.MovingAvarangeSimpleStrategyTest" time="0.002"/>
    </testsuite>
    <testsuite name="suport.financial.walletTest.StockTest" time="0.007">
      <testcase name="testSetStandardDeviation_15" classname="suport.financial.walletTest.StockTest" time="0.001"/>
      <testcase name="testSetStandardDeviation_30" classname="suport.financial.walletTest.StockTest" time="0.0"/>
      <testcase name="testStock" classname="suport.financial.walletTest.StockTest" time="0.0"/>
      <testcase name="testSetVariance_15" classname="suport.financial.walletTest.StockTest" time="0.0"/>
      <testcase name="testSetVariance_30" classname="suport.financial.walletTest.StockTest" time="0.0"/>
      <testcase name="testGetCandleSticks" classname="suport.financial.walletTest.StockTest" time="0.0"/>
      <testcase name="testGetVarianceCoefficient_15" classname="suport.financial.walletTest.StockTest" time="0.0"/>
      <testcase name="testGetVarianceCoefficient_30" classname="suport.financial.walletTest.StockTest" time="0.0"/>
      <testcase name="testStockStringString" classname="suport.financial.walletTest.StockTest" time="0.0"/>
      <testcase name="testSetCandleSticks" classname="suport.financial.walletTest.StockTest" time="0.001"/>
      <testcase name="testSetCodeName" classname="suport.financial.walletTest.StockTest" time="0.0"/>
      <testcase name="testSetVarianceCoefficient_15" classname="suport.financial.walletTest.StockTest" time="0.0"/>
      <testcase name="testSetVarianceCoefficient_30" classname="suport.financial.walletTest.StockTest" time="0.0"/>
      <testcase name="testGetCodeName" classname="suport.financial.walletTest.StockTest" time="0.0"/>
      <testcase name="testGetVariance_15" classname="suport.financial.walletTest.StockTest" time="0.001"/>
      <testcase name="testGetVariance_30" classname="suport.financial.walletTest.StockTest" time="0.0"/>
      <testcase name="testSetAvarangeReturn_15" classname="suport.financial.walletTest.StockTest" time="0.0"/>
      <testcase name="testSetAvarangeReturn_30" classname="suport.financial.walletTest.StockTest" time="0.0"/>
      <testcase name="testGetStandardDeviation_15" classname="suport.financial.walletTest.StockTest" time="0.0"/>
      <testcase name="testGetStandardDeviation_30" classname="suport.financial.walletTest.StockTest" time="0.0"/>
      <testcase name="testSetSector" classname="suport.financial.walletTest.StockTest" time="0.001"/>
      <testcase name="testAddCurrentCandleStick" classname="suport.financial.walletTest.StockTest" time="0.0"/>
      <testcase name="testGetSector" classname="suport.financial.walletTest.StockTest" time="0.0"/>
      <testcase name="testGetAvarangeReturn_15" classname="suport.financial.walletTest.StockTest" time="0.0"/>
      <testcase name="testGetAvarangeReturn_30" classname="suport.financial.walletTest.StockTest" time="0.0"/>
      <testcase name="testGetCurrentCandleStick" classname="suport.financial.walletTest.StockTest" time="0.001"/>
    </testsuite>
    <testsuite name="suport.financial.walletTest.WalletTest" time="0.002">
      <testcase name="testWallet" classname="suport.financial.walletTest.WalletTest" time="0.002"/>
    </testsuite>
    <testsuite name="suport.statisticalTest.MatrixTest" time="0.001">
      <testcase name="testSetContent" classname="suport.statisticalTest.MatrixTest" time="0.0"/>
      <testcase name="testProduct" classname="suport.statisticalTest.MatrixTest" time="0.0"/>
      <testcase name="testGetContent" classname="suport.statisticalTest.MatrixTest" time="0.0"/>
      <testcase name="testMatrix" classname="suport.statisticalTest.MatrixTest" time="0.0"/>
      <testcase name="testTransposed" classname="suport.statisticalTest.MatrixTest" time="0.0"/>
    </testsuite>
    <testsuite name="suport.statisticalTest.StatisticalTest" time="0.001">
      <testcase name="initializationError" classname="suport.statisticalTest.StatisticalTest" time="0.001">
        <error>java.lang.Exception: No runnable methods
	at org.junit.runners.BlockJUnit4ClassRunner.validateInstanceMethods(BlockJUnit4ClassRunner.java:169)
	at org.junit.runners.BlockJUnit4ClassRunner.collectInitializationErrors(BlockJUnit4ClassRunner.java:104)
	at org.junit.runners.ParentRunner.validate(ParentRunner.java:355)
	at org.junit.runners.ParentRunner.&lt;init&gt;(ParentRunner.java:76)
	at org.junit.runners.BlockJUnit4ClassRunner.&lt;init&gt;(BlockJUnit4ClassRunner.java:57)
	at org.junit.internal.builders.JUnit4Builder.runnerForClass(JUnit4Builder.java:10)
	at org.junit.runners.model.RunnerBuilder.safeRunnerForClass(RunnerBuilder.java:59)
	at org.junit.internal.builders.AllDefaultPossibilitiesBuilder.runnerForClass(AllDefaultPossibilitiesBuilder.java:26)
	at org.junit.runners.model.RunnerBuilder.safeRunnerForClass(RunnerBuilder.java:59)
	at org.junit.runners.model.RunnerBuilder.runners(RunnerBuilder.java:101)
	at org.junit.runners.model.RunnerBuilder.runners(RunnerBuilder.java:87)
	at org.junit.runners.Suite.&lt;init&gt;(Suite.java:101)
	at org.junit.runners.Suite.&lt;init&gt;(Suite.java:69)
	at sun.reflect.NativeConstructorAccessorImpl.newInstance0(Native Method)
	at sun.reflect.NativeConstructorAccessorImpl.newInstance(NativeConstructorAccessorImpl.java:57)
	at sun.reflect.DelegatingConstructorAccessorImpl.newInstance(DelegatingConstructorAccessorImpl.java:45)
	at java.lang.reflect.Constructor.newInstance(Constructor.java:526)
	at org.junit.internal.builders.AnnotatedBuilder.buildRunner(AnnotatedBuilder.java:33)
	at org.junit.internal.builders.AnnotatedBuilder.runnerForClass(AnnotatedBuilder.java:21)
	at org.junit.runners.model.RunnerBuilder.safeRunnerForClass(RunnerBuilder.java:59)
	at org.junit.internal.builders.AllDefaultPossibilitiesBuilder.runnerForClass(AllDefaultPossibilitiesBuilder.java:26)
	at org.junit.runners.model.RunnerBuilder.safeRunnerForClass(RunnerBuilder.java:59)
	at org.junit.internal.requests.ClassRequest.getRunner(ClassRequest.java:26)
	at org.eclipse.jdt.internal.junit4.runner.JUnit4TestReference.&lt;init&gt;(JUnit4TestReference.java:33)
	at org.eclipse.jdt.internal.junit4.runner.JUnit4TestClassReference.&lt;init&gt;(JUnit4TestClassReference.java:25)
	at org.eclipse.jdt.internal.junit4.runner.JUnit4TestLoader.createTest(JUnit4TestLoader.java:48)
	at org.eclipse.jdt.internal.junit4.runner.JUnit4TestLoader.loadTests(JUnit4TestLoader.java:38)
	at org.eclipse.jdt.internal.junit.runner.RemoteTestRunner.runTests(RemoteTestRunner.java:444)
	at org.eclipse.jdt.internal.junit.runner.RemoteTestRunner.runTests(RemoteTestRunner.java:675)
	at org.eclipse.jdt.internal.junit.runner.RemoteTestRunner.run(RemoteTestRunner.java:382)
	at org.eclipse.jdt.internal.junit.runner.RemoteTestRunner.main(RemoteTestRunner.java:192)

</error>
      </testcase>
    </testsuite>
  </testsuite>
</testrun>
